<?xml version="1.0" encoding="UTF-8" ?>
<testsuite errors="0" failures="0" hostname="petrut-PC" name="test.TestNetwork" skipped="0" tests="1" time="2.202" timestamp="2014-04-23T18:31:23">
  <properties>
[...]
</properties>
  <testcase classname="test.TestNetwork" name="testDownload" time="2.077" />
  <system-out><![CDATA[>>> Incepe descarcarea fisierului: gigi_fis1.txt
[Thread-4] WARN networking.Network.start_server(Network.java:43) - Start Server
[AWT-EventQueue-0] WARN common.Mediator.addReceivingTransfer(Mediator.java:63) - Add transfer + it.dest = gigi
[AWT-EventQueue-0] WARN networking.Network.retrieveFile(Network.java:121) - Network retrieve file : gigi_fis1.txt 7823
[Thread-3] WARN networking.Network.start_server(Network.java:43) - Start Server
[Thread-5] WARN networking.SocketOperationAPI.<init>(SocketOperationAPI.java:22) - SOCKET OP : connect localhost 7823
[Thread-3] WARN networking.Network.start_server(Network.java:70) - SERVER: ACCEPT client 
[Thread-5] WARN networking.Network$1.run(Network.java:134) - send request chunck number BEFORE manu*
[Thread-5] WARN networking.Network$1.run(Network.java:146) - send request chunck number BEFORE
[Thread-5] WARN networking.Network$1.run(Network.java:148) - send request chunck number DONE
[Thread-3] WARN networking.Network.start_server(Network.java:85) - SERVER: sosesc date 
[Thread-3] WARN networking.SocketOperationAPI.read(SocketOperationAPI.java:82) - message read
[Thread-3] WARN networking.SocketOperationAPI.read(SocketOperationAPI.java:87) - message read bread = 4
[Thread-3] WARN networking.SocketOperationAPI.read(SocketOperationAPI.java:104) - message length :27
[Thread-3] FATAL networking.ProcessMessage.proccesMessage(ProcessMessage.java:36) - Process Msg type = 3
[Thread-3] FATAL networking.ProcessMessage.proccesMessage(ProcessMessage.java:81) - message type = RequestGetChunckNumber
[Thread-4] WARN networking.Network.start_server(Network.java:85) - SERVER: sosesc date 
[Thread-4] WARN networking.SocketOperationAPI.read(SocketOperationAPI.java:82) - message read
[Thread-4] WARN networking.SocketOperationAPI.read(SocketOperationAPI.java:87) - message read bread = 4
[Thread-4] WARN networking.SocketOperationAPI.read(SocketOperationAPI.java:104) - message length :31
[Thread-4] FATAL networking.ProcessMessage.proccesMessage(ProcessMessage.java:36) - Process Msg type = 4
[Thread-4] FATAL networking.ProcessMessage.proccesMessage(ProcessMessage.java:104) - message type = ResponseGetChunckNumber
[Thread-4] FATAL networking.ProcessMessage.proccesMessage(ProcessMessage.java:116) - message type = ResponseGetChunckNumber filename = gigi_fis1.txt
[Thread-3] WARN networking.Network.start_server(Network.java:85) - SERVER: sosesc date 
[Thread-3] WARN networking.SocketOperationAPI.read(SocketOperationAPI.java:82) - message read
[Thread-3] WARN networking.SocketOperationAPI.read(SocketOperationAPI.java:87) - message read bread = 4
[Thread-3] WARN networking.SocketOperationAPI.read(SocketOperationAPI.java:104) - message length :31
[Thread-3] FATAL networking.ProcessMessage.proccesMessage(ProcessMessage.java:36) - Process Msg type = 2
[Thread-3] FATAL networking.ProcessMessage.proccesMessage(ProcessMessage.java:52) - message type = RequestChunckType chunkID= 0bb.limit = 4610
[Thread-3] FATAL networking.ProcessMessage.proccesMessage(ProcessMessage.java:57) - message type = RequestChunckType chunkID= 0bb.limit = 4610length = 4000start = 0
[Thread-4] WARN networking.Network.start_server(Network.java:85) - SERVER: sosesc date 
[Thread-4] WARN networking.SocketOperationAPI.read(SocketOperationAPI.java:82) - message read
[Thread-4] WARN networking.SocketOperationAPI.read(SocketOperationAPI.java:87) - message read bread = 4
[Thread-4] WARN networking.SocketOperationAPI.read(SocketOperationAPI.java:104) - message length :4031
[Thread-4] FATAL networking.ProcessMessage.proccesMessage(ProcessMessage.java:36) - Process Msg type = 5
[Thread-4] FATAL networking.ProcessMessage.proccesMessage(ProcessMessage.java:128) - message type = ResponseGetChunckData
[Thread-3] WARN common.Mediator.addChunckSending(Mediator.java:145) - progress = 50e.chunkNr = 2
[Thread-4] WARN common.Mediator.addChunckReceveing(Mediator.java:181) - progress = 50e.chunkNr = 2
[Thread-4] FATAL networking.ProcessMessage.proccesMessage(ProcessMessage.java:141) - nextChunck = 1
[Thread-3] WARN networking.Network.start_server(Network.java:85) - SERVER: sosesc date 
[Thread-3] WARN networking.SocketOperationAPI.read(SocketOperationAPI.java:82) - message read
[Thread-3] WARN networking.SocketOperationAPI.read(SocketOperationAPI.java:87) - message read bread = 4
[Thread-3] WARN networking.SocketOperationAPI.read(SocketOperationAPI.java:104) - message length :31
[Thread-3] FATAL networking.ProcessMessage.proccesMessage(ProcessMessage.java:36) - Process Msg type = 2
[Thread-3] FATAL networking.ProcessMessage.proccesMessage(ProcessMessage.java:52) - message type = RequestChunckType chunkID= 1bb.limit = 4610
[Thread-3] FATAL networking.ProcessMessage.proccesMessage(ProcessMessage.java:57) - message type = RequestChunckType chunkID= 1bb.limit = 4610length = 610start = 4000
[Thread-3] WARN common.Mediator.addChunckSending(Mediator.java:145) - progress = 100e.chunkNr = 2
[Thread-4] WARN networking.Network.start_server(Network.java:85) - SERVER: sosesc date 
[Thread-4] WARN networking.SocketOperationAPI.read(SocketOperationAPI.java:82) - message read
[Thread-4] WARN networking.SocketOperationAPI.read(SocketOperationAPI.java:87) - message read bread = 4
[Thread-4] WARN networking.SocketOperationAPI.read(SocketOperationAPI.java:104) - message length :641
[Thread-4] FATAL networking.ProcessMessage.proccesMessage(ProcessMessage.java:36) - Process Msg type = 5
[Thread-4] FATAL networking.ProcessMessage.proccesMessage(ProcessMessage.java:128) - message type = ResponseGetChunckData
[Thread-4] WARN common.Mediator.addChunckReceveing(Mediator.java:181) - progress = 100e.chunkNr = 2
[Thread-4] FATAL networking.ProcessMessage.proccesMessage(ProcessMessage.java:141) - nextChunck = null


> sb length = 4260


> sb2 length = 4260
]]></system-out>
  <system-err><![CDATA[log4j:WARN No appenders could be found for logger (common.InfoUser).
log4j:WARN Please initialize the log4j system properly.
log4j:WARN See http://logging.apache.org/log4j/1.2/faq.html#noconfig for more info.
]]></system-err>
</testsuite>
